<?xml version="1.0" encoding="UTF-8"?>
<testsuite name="SolutionTest" tests="2" skipped="0" failures="0" errors="0" timestamp="2022-06-21T08:31:33" hostname="yuanyu-ubuntu" time="0.046">
  <properties/>
  <testcase name="ladderLengthExample1()" classname="SolutionTest" time="0.044"/>
  <testcase name="ladderLengthExample2()" classname="SolutionTest" time="0.001"/>
  <system-out><![CDATA[]]></system-out>
  <system-err><![CDATA[]]></system-err>
</testsuite>
